info: [32mNode TCP Server listening on[0m: 127.0.0.1:8080
info: [32mBytes read by connection[0m: 4
info: [32mPacket received from stream[0m: lib.tcp.Packet{ .version = 1, .type = lib.tcp.PacketType.SensorRequest, .data = { 0, 1 } }
info: [32mDecoded Response Packet[0m: lib.tcp.SensorRequest{ .sensors = { lib.tcp.Sensors.BME680, lib.tcp.Sensors.RG15 } }
warning: [33mStderr for python execution:
 Traceback (most recent call last):
  File "<string>", line 1, in <module>
  File "/Library/Frameworks/Python.framework/Versions/3.11/lib/python3.11/site-packages/board.py", line 336, in <module>
    raise NotImplementedError(
NotImplementedError: Adafruit-PlatformDetect version 3.42.0 was unable to identify the board and/or microcontroller running the Darwin platform. Please be sure you have the latest packages running: 'pip3 install --upgrade adafruit-blinka adafruit-platformdetect'
[0m
warning: [33mCouldn't read bme sensor, sending nan to the client[0m
warning: [33mCould not open serial device, sending nan to the client[0m
info: [32mEncoded SensorResponse packet[0m: { 0, 0, 192, 127, 0, 0, 192, 127, 0, 0, 192, 127, 0, 0, 192, 127, 0, 0, 192, 127, 0, 0, 192, 127, 0, 0, 192, 127, 0, 0, 192, 127 }
info: [32mPacket response to be sent to stream[0m: lib.tcp.Packet{ .version = 1, .type = lib.tcp.PacketType.SensorResponse, .data = { 0, 0, 192, 127, 0, 0, 192, 127, 0, 0, 192, 127, 0, 0, 192, 127, 0, 0, 192, 127, 0, 0, 192, 127, 0, 0, 192, 127, 0, 0, 192, 127 } }
info: [32mStream closed[0m: net.Stream{ .handle = 4 }
info: [32mBytes read by connection[0m: 4
info: [32mPacket received from stream[0m: lib.tcp.Packet{ .version = 1, .type = lib.tcp.PacketType.SensorRequest, .data = { 0, 1 } }
info: [32mDecoded Response Packet[0m: lib.tcp.SensorRequest{ .sensors = { lib.tcp.Sensors.BME680, lib.tcp.Sensors.RG15 } }
warning: [33mStderr for python execution:
 Traceback (most recent call last):
  File "<string>", line 1, in <module>
  File "/Library/Frameworks/Python.framework/Versions/3.11/lib/python3.11/site-packages/board.py", line 336, in <module>
    raise NotImplementedError(
NotImplementedError: Adafruit-PlatformDetect version 3.42.0 was unable to identify the board and/or microcontroller running the Darwin platform. Please be sure you have the latest packages running: 'pip3 install --upgrade adafruit-blinka adafruit-platformdetect'
[0m
warning: [33mCouldn't read bme sensor, sending nan to the client[0m
warning: [33mCould not open serial device, sending nan to the client[0m
info: [32mEncoded SensorResponse packet[0m: { 0, 0, 192, 127, 0, 0, 192, 127, 0, 0, 192, 127, 0, 0, 192, 127, 0, 0, 192, 127, 0, 0, 192, 127, 0, 0, 192, 127, 0, 0, 192, 127 }
info: [32mPacket response to be sent to stream[0m: lib.tcp.Packet{ .version = 1, .type = lib.tcp.PacketType.SensorResponse, .data = { 0, 0, 192, 127, 0, 0, 192, 127, 0, 0, 192, 127, 0, 0, 192, 127, 0, 0, 192, 127, 0, 0, 192, 127, 0, 0, 192, 127, 0, 0, 192, 127 } }
info: [32mStream closed[0m: net.Stream{ .handle = 4 }
